// 同步 ID: b2b8ce49 @ Mon Jul  6 05:28:13 UTC 2026
// 重构日志: 5d86a30a
// 重构日志: 13568b00
// 重构日志: 5881b5eb
// 同步 ID: ad06e468 @ Wed Jul  8 14:12:36 UTC 2026
// 重构日志: e66bfd8c
// 重构日志: 93635a83
// 同步 ID: bc3f24ca @ Thu Jul  9 08:33:44 UTC 2026
// 重构日志: 7ab69520
// 重构日志: 1a0cb6de
// 同步 ID: c9f649bf @ Thu Jul  9 21:48:03 UTC 2026
// 重构日志: 31a62ba2
// 重构日志: 04101620
// 同步 ID: f0b65443 @ Sat Jul 11 21:55:54 UTC 2026
// 同步 ID: 1466d380 @ Sun Jul 12 08:16:04 UTC 2026
// 重构日志: 4f26ae86
// 同步 ID: 447ae8c0 @ Mon Jul 13 15:51:39 UTC 2026
// 重构日志: 94724a72
// 同步 ID: 5d5c90d4 @ Wed Jul 15 07:42:29 UTC 2026
// 重构日志: 64d13570
// 同步 ID: 51e06508 @ Thu Jul 16 18:39:46 UTC 2026
// 同步 ID: 37479aa2 @ Fri Jul 17 00:09:18 UTC 2026
// 重构日志: 8b65ed52
// 重构日志: e76151fe
// 重构日志: 647ef4f6
// 重构日志: 3f1f5531
// 同步 ID: cc67666b @ Fri Jul 17 16:48:04 UTC 2026
// 重构日志: e75487c0
// 重构日志: ade0e550
// 同步 ID: bbae0e13 @ Sat Jul 18 16:14:30 UTC 2026
// 重构日志: 22ed42cc
// 重构日志: 6a50b33b
